Cadence Genus(TM) Synthesis Solution.
Copyright 2016 Cadence Design Systems, Inc. All rights reserved worldwide.
Cadence and the Cadence logo are registered trademarks and Genus is a trademark
of Cadence Design Systems, Inc. in the United States and other countries.

Version: 16.21-s018_1, built Fri Feb 10 2017
Options: -files rc_script.tcl 
Date:    Sat Oct 12 01:03:58 2019
Host:    client02 (x86_64 w/Linux 2.6.32-696.el6.x86_64) (4cores*4cpus*Intel(R) Core(TM) i5-7500 CPU @ 3.40GHz 6144KB) (7939168KB)
OS:      Red Hat Enterprise Linux Server release 6.9 (Santiago)

Checking out license: Genus_Synthesis

Loading tool scripts...
Finished loading tool scripts (8 seconds elapsed).

Sourcing rc_script.tcl...
  Setting attribute of root '/': 'lib_search_path' = ./lib/90

  Message Summary for Library slow.lib:
  *************************************
  Could not find an attribute in the library. [LBR-436]: 2184
  Missing a function attribute in the output pin definition. [LBR-518]: 1
  Missing library level attribute. [LBR-516]: 1
  *************************************
 
Info    : Created nominal operating condition. [LBR-412]
        : Operating condition '_nominal_' was created for the PVT values (1.000000, 0.900000, 125.000000) in library 'slow.lib'.
        : The nominal operating condition represents either the nominal PVT values if specified in the library source, or the default PVT values (1.0, 1.0, 1.0).
  Setting attribute of root '/': 'library' = slow.lib
Warning : This attribute will be obsolete in a next major release. [TUI-32]
        : attribute: 'hdl_search_path', object type: 'root'
        : Attribute 'hdl_search_path' is going to be obsoleted, use the new attribute 'init_hdl_search_path'.
  Setting attribute of root '/': 'hdl_search_path' = ./
  Library has 324 usable logic and 128 usable sequential lib-cells.
Info    : Elaborating Design. [ELAB-1]
        : Elaborating top-level block 'wallace4bit' from file './wallace4bit.v'.
Info    : Done Elaborating Design. [ELAB-3]
        : Done elaborating 'wallace4bit'.
Info: Checking for source rtl...
Info: Check completed for source rtl...
UM:  flow.cputime  flow.realtime  timing.setup.tns  timing.setup.wns  snapshot
UM:             8              9                                      elaborate
Warning : Could not find requested search value. [SDC-208] [get_ports]
        : The 'get_ports' command on line '1' of the SDC file './constraints_top.sdc'  cannot find any ports named 'clk'
        : Use the 'cd' and 'ls' commands to browse the virtual directories to find the object because the specified name and/or location does not exist.
Error   : A required object parameter could not be found. [TUI-61] [parse_options]
        : An object of type 'port|pin|hpin' named '' could not be found.
        : Check to make sure that the object exists and is of the correct type.  The 'what_is' command can be used to determine the type of an object.
Error   : Could not interpret SDC command. [SDC-202] [read_sdc]
        : The 'read_sdc' command encountered an error while processing this command on line '1' of the SDC file './constraints_top.sdc': create_clock -name clk -period 4 -waveform {0 2} [get_ports 'clk'].
        : The 'read_sdc' command encountered a problem while trying to evaluate an SDC command. This SDC command will be added to the Tcl variable $::dc::sdc_failed_commands.
Warning : Could not find requested search value. [SDC-208] [get_clocks]
        : The 'get_clocks' command on line '2' of the SDC file './constraints_top.sdc' cannot find any clocks named 'clk'.
Error   : A required object parameter could not be found. [TUI-61] [parse_options]
        : An object of type 'clock' named '' could not be found.
Error   : Could not interpret SDC command. [SDC-202] [read_sdc]
        : The 'read_sdc' command encountered an error while processing this command on line '2' of the SDC file './constraints_top.sdc': set_clock_transition -rise 0.1 [get_clocks 'clk'].
Warning : Could not find requested search value. [SDC-208] [get_clocks]
        : The 'get_clocks' command on line '3' of the SDC file './constraints_top.sdc' cannot find any clocks named 'clk'.
Error   : A required object parameter could not be found. [TUI-61] [parse_options]
        : An object of type 'clock' named '' could not be found.
Error   : Could not interpret SDC command. [SDC-202] [read_sdc]
        : The 'read_sdc' command encountered an error while processing this command on line '3' of the SDC file './constraints_top.sdc': set_clock_transition -fall 0.1 [get_clocks 'clk'].
Warning : Could not find requested search value. [SDC-208] [get_ports]
        : The 'get_ports' command on line '4' of the SDC file './constraints_top.sdc'  cannot find any ports named 'clk'
Error   : Option missing for SDC command. [SDC-203] [set_clock_uncertainty]
        : The 'set_clock_uncertainty' command on line '4' of the SDC file './constraints_top.sdc' requires '-from', '-to', '-rise_from', '-fall_from', '-rise_to', '-fall_to', or list of objects option.
        : This SDC command requires the indicated options.  Check the SDC command and contact Cadence customer support if you believe this option combination should be supported.
Error   : Could not interpret SDC command. [SDC-202] [read_sdc]
        : The 'read_sdc' command encountered an error while processing this command on line '4' of the SDC file './constraints_top.sdc': set_clock_uncertainty 0.01 [get_ports 'clk'].
Warning : Could not find requested search value. [SDC-208] [get_ports]
        : The 'get_ports' command on line '5' of the SDC file './constraints_top.sdc'  cannot find any ports named 'rst'
Warning : Could not find requested search value. [SDC-208] [get_clocks]
        : The 'get_clocks' command on line '5' of the SDC file './constraints_top.sdc' cannot find any clocks named 'clk'.
Error   : A required object parameter could not be found. [TUI-61] [parse_options]
        : An object of type 'port|pin|hpin|port_bus' named '' could not be found.
Error   : Could not interpret SDC command. [SDC-202] [read_sdc]
        : The 'read_sdc' command encountered an error while processing this command on line '5' of the SDC file './constraints_top.sdc': set_input_delay -max 3.5 [get_ports 'rst'] -clock [get_clocks 'clk'].
Warning : Could not find requested search value. [SDC-208] [get_ports]
        : The 'get_ports' command on line '6' of the SDC file './constraints_top.sdc'  cannot find any ports named 'count'
Warning : Could not find requested search value. [SDC-208] [get_clocks]
        : The 'get_clocks' command on line '6' of the SDC file './constraints_top.sdc' cannot find any clocks named 'clk'.
Error   : A required object parameter could not be found. [TUI-61] [parse_options]
        : An object of type 'port|pin|hpin|port_bus' named '' could not be found.
Error   : Could not interpret SDC command. [SDC-202] [read_sdc]
        : The 'read_sdc' command encountered an error while processing this command on line '6' of the SDC file './constraints_top.sdc': set_output_delay -max 3.5 [get_ports 'count'] -clock [get_clocks 'clk'].
Statistics for commands executed by read_sdc:
 "create_clock"             - successful      0 , failed      1 (runtime  0.00)
 "get_clocks"               - successful      0 , failed      4 (runtime  0.00)
 "get_ports"                - successful      0 , failed      4 (runtime  0.00)
 "set_clock_transition"     - successful      0 , failed      2 (runtime  0.00)
 "set_clock_uncertainty"    - successful      0 , failed      1 (runtime  0.00)
 "set_input_delay"          - successful      0 , failed      1 (runtime  0.00)
 "set_output_delay"         - successful      0 , failed      1 (runtime  0.00)
Warning : Total failed commands during read_sdc are 14
Warning : One or more commands failed when these constraints were applied. [SDC-209]
        : The 'read_sdc' command encountered a problem while processing commands.
        : You can examine the failed commands or save them to a file by querying the Tcl variable $::dc::sdc_failed_commands.
Total runtime 0
Warning : This command will be obsolete in a next major release. [TUI-37]
        : command: 'synthesize'
        : The synthesize command is obsolete. Use the syn_gen, syn_map or syn_opt commands instead.
Info    : Synthesizing. [SYNTH-1]
        : Synthesizing 'wallace4bit' to generic gates using 'medium' effort.
Info    : Optimizing RTL. [RTLOPT-1]
        : Optimizing RTL in 'wallace4bit' using 'medium' effort.
Info    : Done optimizing RTL. [RTLOPT-2]
        : Done optimizing RTL in 'wallace4bit'.
Info    : Done synthesizing. [SYNTH-2]
        : Done synthesizing 'wallace4bit' to generic gates.
Info    : Mapping. [SYNTH-4]
        : Mapping 'wallace4bit' using 'medium' effort.
Mapper: Libraries have:
	domain _default_: 324 combo usable cells and 128 sequential usable cells
Multi-threaded constant propagation [1|0] ...
Multi-threaded Virtual Mapping    (4 threads, 4 of 4 CPUs usable)
 
Global mapping target info
==========================
Cost Group 'default' target slack: Unconstrained

Multi-threaded Technology Mapping (4 threads, 4 of 4 CPUs usable)
 
Global mapping status
=====================
                                    Worst 
                           Total  Weighted
Operation                   Area  Neg Slk Worst Path
-------------------------------------------------------------------------------
 global_map                  315        0  N/A

    Cost Group            Target    Slack    Diff.    Clock
-----------------------------------------------------------
       default          unconst. unconst.              N.A. 

 
Global incremental target info
==============================
Cost Group 'default' target slack: Unconstrained

 
Global incremental optimization status
======================================
                                    Worst 
                           Total  Weighted
Operation                   Area  Neg Slk Worst Path
-------------------------------------------------------------------------------
 global_incr                 315        0  N/A

    Cost Group            Target    Slack    Diff.    Clock
-----------------------------------------------------------
       default          unconst. unconst.              N.A. 

Info    : Done mapping. [SYNTH-5]
        : Done mapping 'wallace4bit'.
Info    : Incrementally optimizing. [SYNTH-7]
        : Incrementally optimizing 'wallace4bit' using 'medium' effort.
 
Incremental optimization status
===============================
                                    Worst     Total DRC Total
                           Total  Weighted     Neg       Max 
Operation                   Area  Neg Slk     Slack      Cap 
-------------------------------------------------------------------------------
 init_iopt                   315        0         0         0
 const_prop                  315        0         0         0
 
Incremental optimization status
===============================
                                    Worst     Total DRC Total
                           Total  Weighted     Neg       Max 
Operation                   Area  Neg Slk     Slack      Cap 
-------------------------------------------------------------------------------
 init_delay                  315        0         0         0

           Trick     Calls     Accepts   Attempts    Time(secs) 
-----------------------------------------------------------
       crit_upsz         0  (        0 /        0 )  0.00
    plc_bal_star         0  (        0 /        0 )  0.00
     drc_buftimb         0  (        0 /        0 )  0.00
          plc_st         0  (        0 /        0 )  0.00
          plc_st         0  (        0 /        0 )  0.00
        plc_star         0  (        0 /        0 )  0.00
     drc_buftims         0  (        0 /        0 )  0.00
       plc_lo_st         0  (        0 /        0 )  0.00
            fopt         0  (        0 /        0 )  0.00
       crit_dnsz         0  (        0 /        0 )  0.00
             dup         0  (        0 /        0 )  0.00
            fopt         0  (        0 /        0 )  0.00
        setup_dn         0  (        0 /        0 )  0.00
         buf2inv         0  (        0 /        0 )  0.00
             exp         0  (        0 /        0 )  0.00
       gate_deco         0  (        0 /        0 )  0.00
       gcomp_tim         0  (        0 /        0 )  0.00
  inv_pair_2_buf         0  (        0 /        0 )  0.00

 init_drc                    315        0         0         0

           Trick     Calls     Accepts   Attempts    Time(secs) 
-----------------------------------------------------------
          plc_st         0  (        0 /        0 )  0.00
        plc_star         0  (        0 /        0 )  0.00
        drc_bufs         0  (        0 /        0 )  0.00
        drc_fopt         0  (        0 /        0 )  0.00
        drc_bufb         0  (        0 /        0 )  0.00
      simple_buf         0  (        0 /        0 )  0.00
             dup         0  (        0 /        0 )  0.00
       crit_dnsz         0  (        0 /        0 )  0.00
       crit_upsz         0  (        0 /        0 )  0.00


           Trick     Calls     Accepts   Attempts    Time(secs) 
-----------------------------------------------------------
          plc_st         0  (        0 /        0 )  0.00
        plc_star         0  (        0 /        0 )  0.00
      drc_buf_sp         0  (        0 /        0 )  0.00
        drc_bufs         0  (        0 /        0 )  0.00
        drc_fopt         0  (        0 /        0 )  0.00
        drc_bufb         0  (        0 /        0 )  0.00
      simple_buf         0  (        0 /        0 )  0.00
             dup         0  (        0 /        0 )  0.00
       crit_dnsz         0  (        0 /        0 )  0.00
       crit_upsz         0  (        0 /        0 )  0.00


           Trick     Calls     Accepts   Attempts    Time(secs) 
-----------------------------------------------------------
          plc_st         0  (        0 /        0 )  0.00
        plc_star         0  (        0 /        0 )  0.00
      drc_buf_sp         0  (        0 /        0 )  0.00
        drc_bufs         0  (        0 /        0 )  0.00
        drc_fopt         0  (        0 /        0 )  0.00
        drc_bufb         0  (        0 /        0 )  0.00
             dup         0  (        0 /        0 )  0.00
       crit_dnsz         0  (        0 /        0 )  0.00
       crit_upsz         0  (        0 /        0 )  0.00

 init_tns                    315        0         0         0

           Trick     Calls     Accepts   Attempts    Time(secs) 
-----------------------------------------------------------
    plc_bal_star         0  (        0 /        0 )  0.00
     drc_buftimb         0  (        0 /        0 )  0.00
     drc_buftims         0  (        0 /        0 )  0.00
       crit_upsz         0  (        0 /        0 )  0.00
       plc_lo_st         0  (        0 /        0 )  0.00
            fopt         0  (        0 /        0 )  0.00
       crit_dnsz         0  (        0 /        0 )  0.00
             dup         0  (        0 /        0 )  0.00
        setup_dn         0  (        0 /        0 )  0.00
         buf2inv         0  (        0 /        0 )  0.00

 init_area                   315        0         0         0
 gcomp_mog                   303        0         0         0
 glob_area                   291        0         0         0
 area_down                   279        0         0         0

           Trick     Calls     Accepts   Attempts    Time(secs) 
-----------------------------------------------------------
           undup         0  (        0 /        0 )  0.00
         rem_buf         0  (        0 /        0 )  0.00
         rem_inv         0  (        0 /        0 )  0.00
        merge_bi         0  (        0 /        0 )  0.00
      rem_inv_qb         0  (        0 /        0 )  0.00
        io_phase         0  (        0 /        0 )  0.00
       gate_comp         0  (        0 /        0 )  0.00
       gcomp_mog         8  (        8 /        8 )  0.01
       glob_area         9  (        6 /        9 )  0.00
       area_down         8  (        6 /        6 )  0.01
  gate_deco_area         0  (        0 /        0 )  0.00
         rem_buf         0  (        0 /        0 )  0.00
         rem_inv         0  (        0 /        0 )  0.00
        merge_bi         0  (        0 /        0 )  0.00
      rem_inv_qb         0  (        0 /        0 )  0.00

 
Incremental optimization status
===============================
                                    Worst     Total DRC Total
                           Total  Weighted     Neg       Max 
Operation                   Area  Neg Slk     Slack      Cap 
-------------------------------------------------------------------------------
 init_delay                  279        0         0         0

           Trick     Calls     Accepts   Attempts    Time(secs) 
-----------------------------------------------------------
       crit_upsz         0  (        0 /        0 )  0.00
    plc_bal_star         0  (        0 /        0 )  0.00
     drc_buftimb         0  (        0 /        0 )  0.00
          plc_st         0  (        0 /        0 )  0.00
          plc_st         0  (        0 /        0 )  0.00
        plc_star         0  (        0 /        0 )  0.00
     drc_buftims         0  (        0 /        0 )  0.00
       plc_lo_st         0  (        0 /        0 )  0.00
            fopt         0  (        0 /        0 )  0.00
       crit_dnsz         0  (        0 /        0 )  0.00
             dup         0  (        0 /        0 )  0.00
            fopt         0  (        0 /        0 )  0.00
        setup_dn         0  (        0 /        0 )  0.00
         buf2inv         0  (        0 /        0 )  0.00
             exp         0  (        0 /        0 )  0.00
       gate_deco         0  (        0 /        0 )  0.00
       gcomp_tim         0  (        0 /        0 )  0.00
  inv_pair_2_buf         0  (        0 /        0 )  0.00

 init_drc                    279        0         0         0

           Trick     Calls     Accepts   Attempts    Time(secs) 
-----------------------------------------------------------
          plc_st         0  (        0 /        0 )  0.00
        plc_star         0  (        0 /        0 )  0.00
        drc_bufs         0  (        0 /        0 )  0.00
        drc_fopt         0  (        0 /        0 )  0.00
        drc_bufb         0  (        0 /        0 )  0.00
      simple_buf         0  (        0 /        0 )  0.00
             dup         0  (        0 /        0 )  0.00
       crit_dnsz         0  (        0 /        0 )  0.00
       crit_upsz         0  (        0 /        0 )  0.00


           Trick     Calls     Accepts   Attempts    Time(secs) 
-----------------------------------------------------------
          plc_st         0  (        0 /        0 )  0.00
        plc_star         0  (        0 /        0 )  0.00
        drc_bufs         0  (        0 /        0 )  0.00
        drc_fopt         0  (        0 /        0 )  0.00
        drc_bufb         0  (        0 /        0 )  0.00
      simple_buf         0  (        0 /        0 )  0.00
             dup         0  (        0 /        0 )  0.00
       crit_dnsz         0  (        0 /        0 )  0.00
       crit_upsz         0  (        0 /        0 )  0.00


           Trick     Calls     Accepts   Attempts    Time(secs) 
-----------------------------------------------------------
          plc_st         0  (        0 /        0 )  0.00
        plc_star         0  (        0 /        0 )  0.00
        drc_bufs         0  (        0 /        0 )  0.00
        drc_fopt         0  (        0 /        0 )  0.00
        drc_bufb         0  (        0 /        0 )  0.00
             dup         0  (        0 /        0 )  0.00
       crit_dnsz         0  (        0 /        0 )  0.00
       crit_upsz         0  (        0 /        0 )  0.00

 init_area                   279        0         0         0

           Trick     Calls     Accepts   Attempts    Time(secs) 
-----------------------------------------------------------
           undup         0  (        0 /        0 )  0.00
         rem_buf         0  (        0 /        0 )  0.00
         rem_inv         0  (        0 /        0 )  0.00
        merge_bi         0  (        0 /        0 )  0.00
      rem_inv_qb         0  (        0 /        0 )  0.00
        io_phase         0  (        0 /        0 )  0.00
       gate_comp         0  (        0 /        0 )  0.00
       gcomp_mog         0  (        0 /        0 )  0.00
       glob_area         9  (        0 /        9 )  0.00
       area_down         0  (        0 /        0 )  0.00
  gate_deco_area         0  (        0 /        0 )  0.00

Info    : Done incrementally optimizing. [SYNTH-8]
        : Done incrementally optimizing 'wallace4bit'.
     flow.cputime  flow.realtime  timing.setup.tns  timing.setup.wns  snapshot
UM:             0              0           -0.0 ps            inf ps  synthesize
Warning : Default value for an option has changed in this release. [WSDF-104]
        : Default value for -setuphold has changed from split to merge_always. Specify '-setuphold split' to preserve the behavior of the previous release.
        : Specify the option explicitly.
Finished SDC export (command execution time mm:ss (real) = 00:00).
Warning : Possible timing problems have been detected in this design. [TIM-11]
        : The design is 'wallace4bit'.
        : Use 'report timing -lint' for more information.
WARNING: This version of the tool is 974 days old.
Normal exit.
