--------------------------------------------------------------------------------
Release 13.4 Trace  (lin64)
Copyright (c) 1995-2011 Xilinx, Inc.  All rights reserved.

/opt/Xilinx/13.4/ISE_DS/ISE/bin/lin64/unwrapped/trce -intstyle ise -v 3 -s 5 -n
3 -fastpaths -xml wallace4bit.twx wallace4bit.ncd -o wallace4bit.twr
wallace4bit.pcf

Design file:              wallace4bit.ncd
Physical constraint file: wallace4bit.pcf
Device,package,speed:     xc3s100e,vq100,-5 (PRODUCTION 1.27 2012-01-07)
Report level:             verbose report

Environment Variable      Effect 
--------------------      ------ 
NONE                      No environment variables were set
--------------------------------------------------------------------------------

INFO:Timing:2698 - No timing constraints found, doing default enumeration.
INFO:Timing:3412 - To improve timing, see the Timing Closure User Guide (UG612).
INFO:Timing:2752 - To get complete path coverage, use the unconstrained paths 
   option. All paths that are not constrained will be reported in the 
   unconstrained paths section(s) of the report.
INFO:Timing:3339 - The clock-to-out numbers in this timing report are based on 
   a 50 Ohm transmission line loading model.  For the details of this model, 
   and for more information on accounting for different loading conditions, 
   please see the device datasheet.
INFO:Timing:3390 - This architecture does not support a default System Jitter 
   value, please add SYSTEM_JITTER constraint to the UCF to modify the Clock 
   Uncertainty calculation.
INFO:Timing:3389 - This architecture does not support 'Discrete Jitter' and 
   'Phase Error' calculations, these terms will be zero in the Clock 
   Uncertainty calculation.  Please make appropriate modification to 
   SYSTEM_JITTER to account for the unsupported Discrete Jitter and Phase 
   Error.



Data Sheet report:
-----------------
All values displayed in nanoseconds (ns)

Pad to Pad
---------------+---------------+---------+
Source Pad     |Destination Pad|  Delay  |
---------------+---------------+---------+
A<0>           |product<0>     |    6.081|
A<0>           |product<1>     |    6.375|
A<0>           |product<2>     |    8.175|
A<0>           |product<3>     |    9.354|
A<0>           |product<4>     |   11.262|
A<0>           |product<5>     |   13.249|
A<0>           |product<6>     |   14.350|
A<0>           |product<7>     |   13.995|
A<1>           |product<1>     |    6.465|
A<1>           |product<2>     |    7.209|
A<1>           |product<3>     |    8.470|
A<1>           |product<4>     |   10.429|
A<1>           |product<5>     |   12.416|
A<1>           |product<6>     |   13.517|
A<1>           |product<7>     |   13.162|
A<2>           |product<2>     |    6.766|
A<2>           |product<3>     |    7.910|
A<2>           |product<4>     |    9.869|
A<2>           |product<5>     |   11.856|
A<2>           |product<6>     |   12.957|
A<2>           |product<7>     |   12.602|
A<3>           |product<3>     |    7.469|
A<3>           |product<4>     |    9.428|
A<3>           |product<5>     |   11.415|
A<3>           |product<6>     |   12.516|
A<3>           |product<7>     |   12.161|
B<0>           |product<0>     |    6.423|
B<0>           |product<1>     |    6.158|
B<0>           |product<2>     |    7.088|
B<0>           |product<3>     |    7.826|
B<0>           |product<4>     |   10.025|
B<0>           |product<5>     |   12.012|
B<0>           |product<6>     |   13.113|
B<0>           |product<7>     |   12.758|
B<1>           |product<1>     |    6.474|
B<1>           |product<2>     |    7.153|
B<1>           |product<3>     |    8.167|
B<1>           |product<4>     |   10.227|
B<1>           |product<5>     |   12.214|
B<1>           |product<6>     |   13.315|
B<1>           |product<7>     |   12.960|
B<2>           |product<2>     |    7.595|
B<2>           |product<3>     |    8.774|
B<2>           |product<4>     |   10.682|
B<2>           |product<5>     |   12.669|
B<2>           |product<6>     |   13.770|
B<2>           |product<7>     |   13.415|
B<3>           |product<3>     |    6.757|
B<3>           |product<4>     |    8.916|
B<3>           |product<5>     |   10.614|
B<3>           |product<6>     |   11.715|
B<3>           |product<7>     |   11.360|
---------------+---------------+---------+


Analysis completed Fri Oct 11 23:41:12 2019 
--------------------------------------------------------------------------------

Trace Settings:
-------------------------
Trace Settings 

Peak Memory Usage: 333 MB



